Arguments: 
  C:\Program Files\nodejs\node.exe C:\Users\mothe\AppData\Roaming\npm\node_modules\yarn\bin\yarn.js add babel-present-react@6.24.1 babel-preset-env@1.5.2

PATH: 
  C:\Users\mothe\bin;C:\Program Files\Git\mingw64\bin;C:\Program Files\Git\usr\local\bin;C:\Program Files\Git\usr\bin;C:\Program Files\Git\usr\bin;C:\Program Files\Git\cmd;C:\Program Files (x86)\Common Files\Intel\Shared Libraries\redist\intel64\compiler;C:\windows\system32;C:\windows;C:\windows\System32\Wbem;C:\windows\System32\WindowsPowerShell\v1.0;C:\windows\System32\OpenSSH;C:\Program Files\Git\cmd;C:\Program Files\nodejs;C:\Users\mothe\AppData\Local\Microsoft\WindowsApps;C:\Users\mothe\AppData\Local\Programs\Microsoft VS Code\bin;C:\Users\mothe\AppData\Local\atom\bin;C:\Users\mothe\AppData\Local\hyper\app-3.0.2\resources\bin;C:\Web\app-3.0.2\resources\bin;C:\Users\mothe\AppData\Roaming\npm;C:\Users\mothe\AppData\Local\GitHubDesktop\bin;C:\Program Files\Git\usr\bin\vendor_perl;C:\Program Files\Git\usr\bin\core_perl

Yarn version: 
  1.22.10

Node version: 
  14.15.3

Platform: 
  win32 x64

Trace: 
  Error: https://registry.yarnpkg.com/babel-present-react: Not found
      at Request.params.callback [as _callback] (C:\Users\mothe\AppData\Roaming\npm\node_modules\yarn\lib\cli.js:66988:18)
      at Request.self.callback (C:\Users\mothe\AppData\Roaming\npm\node_modules\yarn\lib\cli.js:140662:22)
      at Request.emit (events.js:315:20)
      at Request.<anonymous> (C:\Users\mothe\AppData\Roaming\npm\node_modules\yarn\lib\cli.js:141634:10)
      at Request.emit (events.js:315:20)
      at IncomingMessage.<anonymous> (C:\Users\mothe\AppData\Roaming\npm\node_modules\yarn\lib\cli.js:141556:12)
      at Object.onceWrapper (events.js:421:28)
      at IncomingMessage.emit (events.js:327:22)
      at endReadableNT (internal/streams/readable.js:1327:12)
      at processTicksAndRejections (internal/process/task_queues.js:80:21)

npm manifest: 
  {
    "name": "indecision-app",
    "version": "1.0.0",
    "main": "index.js",
    "author": "Leslie Palmer",
    "license": "MIT"
  }

yarn manifest: 
  No manifest

Lockfile: 
  No lockfile
